[debug] [2023-08-27T11:48:24.564Z] ----------------------------------------------------------------------
[debug] [2023-08-27T11:48:24.567Z] Command:       C:\Program Files\nodejs\node.exe C:\Users\Yacine BOUHALA\AppData\Roaming\npm\node_modules\firebase-tools\lib\bin\firebase.js emulators:start
[debug] [2023-08-27T11:48:24.567Z] CLI Version:   12.4.7
[debug] [2023-08-27T11:48:24.568Z] Platform:      win32
[debug] [2023-08-27T11:48:24.568Z] Node Version:  v18.13.0
[debug] [2023-08-27T11:48:24.570Z] Time:          Sun Aug 27 2023 13:48:24 GMT+0200 (heure d’été d’Europe centrale)
[debug] [2023-08-27T11:48:24.570Z] ----------------------------------------------------------------------
[debug] 
[debug] [2023-08-27T11:48:24.635Z] > command requires scopes: ["email","openid","https://www.googleapis.com/auth/cloudplatformprojects.readonly","https://www.googleapis.com/auth/firebase","https://www.googleapis.com/auth/cloud-platform"]
[debug] [2023-08-27T11:48:24.635Z] > authorizing via signed-in user (docyacinou@gmail.com)
[info] i  emulators: Starting emulators: functions, hosting {"metadata":{"emulator":{"name":"hub"},"message":"Starting emulators: functions, hosting"}}
[debug] [2023-08-27T11:48:24.647Z] [logging] Logging Emulator only supports listening on one address (127.0.0.1). Not listening on ::1
[debug] [2023-08-27T11:48:24.647Z] [hosting] Hosting Emulator only supports listening on one address (127.0.0.1). Not listening on ::1
[debug] [2023-08-27T11:48:24.648Z] assigned listening specs for emulators {"user":{"hub":[{"address":"127.0.0.1","family":"IPv4","port":4400},{"address":"::1","family":"IPv6","port":4400}],"ui":[{"address":"127.0.0.1","family":"IPv4","port":4000},{"address":"::1","family":"IPv6","port":4000}],"logging":[{"address":"127.0.0.1","family":"IPv4","port":4500}],"hosting":[{"address":"127.0.0.1","family":"IPv4","port":5000}]},"metadata":{"message":"assigned listening specs for emulators"}}
[debug] [2023-08-27T11:48:24.657Z] [hub] writing locator at C:\Users\YACINE~1\AppData\Local\Temp\hub-clone-94b7e.json
[debug] [2023-08-27T11:48:24.679Z] [functions] Functions Emulator only supports listening on one address (127.0.0.1). Not listening on ::1
[debug] [2023-08-27T11:48:24.679Z] [eventarc] Eventarc Emulator only supports listening on one address (127.0.0.1). Not listening on ::1
[debug] [2023-08-27T11:48:24.679Z] late-assigned ports for functions and eventarc emulators {"user":{"hub":[{"address":"127.0.0.1","family":"IPv4","port":4400},{"address":"::1","family":"IPv6","port":4400}],"ui":[{"address":"127.0.0.1","family":"IPv4","port":4000},{"address":"::1","family":"IPv6","port":4000}],"logging":[{"address":"127.0.0.1","family":"IPv4","port":4500}],"hosting":[{"address":"127.0.0.1","family":"IPv4","port":5000}],"functions":[{"address":"127.0.0.1","family":"IPv4","port":5001}],"eventarc":[{"address":"127.0.0.1","family":"IPv4","port":9299}]},"metadata":{"message":"late-assigned ports for functions and eventarc emulators"}}
[warn] !  functions: The following emulators are not running, calls to these services from the Functions emulator will affect production: auth, firestore, database, pubsub, storage {"metadata":{"emulator":{"name":"functions"},"message":"The following emulators are not running, calls to these services from the Functions emulator will affect production: \u001b[1mauth, firestore, database, pubsub, storage\u001b[22m"}}
[debug] [2023-08-27T11:48:24.682Z] defaultcredentials: writing to file C:\Users\Yacine BOUHALA\AppData\Roaming\firebase\docyacinou_gmail_com_application_default_credentials.json
[debug] [2023-08-27T11:48:24.684Z] Setting GAC to C:\Users\Yacine BOUHALA\AppData\Roaming\firebase\docyacinou_gmail_com_application_default_credentials.json {"metadata":{"emulator":{"name":"functions"},"message":"Setting GAC to C:\\Users\\Yacine BOUHALA\\AppData\\Roaming\\firebase\\docyacinou_gmail_com_application_default_credentials.json"}}
[debug] [2023-08-27T11:48:24.686Z] >>> [apiv2][query] GET https://firebase.googleapis.com/v1beta1/projects/clone-94b7e/adminSdkConfig [none]
[debug] [2023-08-27T11:48:25.244Z] <<< [apiv2][status] GET https://firebase.googleapis.com/v1beta1/projects/clone-94b7e/adminSdkConfig 200
[debug] [2023-08-27T11:48:25.244Z] <<< [apiv2][body] GET https://firebase.googleapis.com/v1beta1/projects/clone-94b7e/adminSdkConfig {"projectId":"clone-94b7e","storageBucket":"clone-94b7e.appspot.com"}
[debug] [2023-08-27T11:48:25.255Z] >>> [apiv2][query] GET https://firebasehosting.googleapis.com/v1beta1/projects/clone-94b7e/sites 
[debug] [2023-08-27T11:48:26.527Z] <<< [apiv2][status] GET https://firebasehosting.googleapis.com/v1beta1/projects/clone-94b7e/sites 200
[debug] [2023-08-27T11:48:26.528Z] <<< [apiv2][body] GET https://firebasehosting.googleapis.com/v1beta1/projects/clone-94b7e/sites {"sites":[{"name":"projects/clone-94b7e/sites/clone-94b7e","defaultUrl":"https://clone-94b7e.web.app","appId":"1:587277451325:web:17a1afa5e662639f7d6a54","type":"DEFAULT_SITE"}]}
[debug] [2023-08-27T11:48:26.528Z] >>> [apiv2][query] GET https://firebase.googleapis.com/v1beta1/projects/clone-94b7e/webApps/1:587277451325:web:17a1afa5e662639f7d6a54/config [none]
[debug] [2023-08-27T11:48:27.887Z] <<< [apiv2][status] GET https://firebase.googleapis.com/v1beta1/projects/clone-94b7e/webApps/1:587277451325:web:17a1afa5e662639f7d6a54/config 200
[debug] [2023-08-27T11:48:27.887Z] <<< [apiv2][body] GET https://firebase.googleapis.com/v1beta1/projects/clone-94b7e/webApps/1:587277451325:web:17a1afa5e662639f7d6a54/config {"projectId":"clone-94b7e","appId":"1:587277451325:web:17a1afa5e662639f7d6a54","storageBucket":"clone-94b7e.appspot.com","apiKey":"AIzaSyDKwibQddTVzcKULS6TwA8eNoekeRkFIsY","authDomain":"clone-94b7e.firebaseapp.com","messagingSenderId":"587277451325","measurementId":"G-QXZ685V49J"}
[debug] [2023-08-27T11:48:27.897Z] >>> [apiv2][query] GET https://firebase.googleapis.com/v1beta1/projects/clone-94b7e [none]
[debug] [2023-08-27T11:48:28.725Z] <<< [apiv2][status] GET https://firebase.googleapis.com/v1beta1/projects/clone-94b7e 200
[debug] [2023-08-27T11:48:28.726Z] <<< [apiv2][body] GET https://firebase.googleapis.com/v1beta1/projects/clone-94b7e {"projectId":"clone-94b7e","projectNumber":"587277451325","displayName":"amazon-clone","name":"projects/clone-94b7e","resources":{"hostingSite":"clone-94b7e"},"state":"ACTIVE","etag":"1_fb406d09-78c1-4f33-bf12-3c88eae50ab4"}
[info] i  hosting[clone-94b7e]: Serving hosting files from: build {"metadata":{"emulator":{"name":"hosting"},"message":"Serving hosting files from: \u001b[1mbuild\u001b[22m"}}
[info] +  hosting[clone-94b7e]: Local server: http://127.0.0.1:5000 {"metadata":{"emulator":{"name":"hosting"},"message":"Local server: \u001b[4m\u001b[1mhttp://127.0.0.1:5000\u001b[22m\u001b[24m"}}
[debug] [2023-08-27T11:48:28.741Z] Ignoring unsupported arg: auto_download {"metadata":{"emulator":{"name":"ui"},"message":"Ignoring unsupported arg: auto_download"}}
[debug] [2023-08-27T11:48:28.741Z] Ignoring unsupported arg: port {"metadata":{"emulator":{"name":"ui"},"message":"Ignoring unsupported arg: port"}}
[debug] [2023-08-27T11:48:28.741Z] Starting Emulator UI with command {"binary":"node","args":["C:\\Users\\Yacine BOUHALA\\.cache\\firebase\\emulators\\ui-v1.11.7\\server\\server.js"],"optionalArgs":[],"joinArgs":false} {"metadata":{"emulator":{"name":"ui"},"message":"Starting Emulator UI with command {\"binary\":\"node\",\"args\":[\"C:\\\\Users\\\\Yacine BOUHALA\\\\.cache\\\\firebase\\\\emulators\\\\ui-v1.11.7\\\\server\\\\server.js\"],\"optionalArgs\":[],\"joinArgs\":false}"}}
[info] i  ui: Emulator UI logging to ui-debug.log {"metadata":{"emulator":{"name":"ui"},"message":"Emulator UI logging to \u001b[1mui-debug.log\u001b[22m"}}
[debug] [2023-08-27T11:48:28.843Z] Web / API server started at 127.0.0.1:4000
 {"metadata":{"emulator":{"name":"ui"},"message":"Web / API server started at 127.0.0.1:4000\n"}}
[debug] [2023-08-27T11:48:28.843Z] Web / API server started at ::1:4000
 {"metadata":{"emulator":{"name":"ui"},"message":"Web / API server started at ::1:4000\n"}}
[info] i  functions: Watching "C:\Users\Yacine BOUHALA\Amazon\amazon-clone\functions" for Cloud Functions... {"metadata":{"emulator":{"name":"functions"},"message":"Watching \"C:\\Users\\Yacine BOUHALA\\Amazon\\amazon-clone\\functions\" for Cloud Functions..."}}
[debug] [2023-08-27T11:48:29.018Z] Validating nodejs source
[debug] [2023-08-27T11:48:34.408Z] > [functions] package.json contents: {
  "name": "functions",
  "description": "Cloud Functions for Firebase",
  "scripts": {
    "lint": "eslint .",
    "serve": "firebase emulators:start --only functions",
    "shell": "firebase functions:shell",
    "start": "npm run shell",
    "deploy": "firebase deploy --only functions",
    "logs": "firebase functions:log"
  },
  "engines": {
    "node": "18"
  },
  "main": "index.js",
  "dependencies": {
    "cors": "^2.8.5",
    "firebase-admin": "^11.8.0",
    "firebase-functions": "^4.3.1",
    "stripe": "^13.3.0"
  },
  "devDependencies": {
    "eslint": "^8.15.0",
    "eslint-config-google": "^0.14.0",
    "firebase-functions-test": "^3.1.0"
  },
  "private": true
}
[debug] [2023-08-27T11:48:34.408Z] Building nodejs source
[debug] [2023-08-27T11:48:34.408Z] Failed to find version of module node: reached end of search path C:\Users\Yacine BOUHALA\Amazon\amazon-clone\functions\node_modules
[info] +  functions: Using node@18 from host. 
[debug] [2023-08-27T11:48:34.410Z] Could not find functions.yaml. Must use http discovery
[debug] [2023-08-27T11:48:34.418Z] Found firebase-functions binary at 'C:\Users\Yacine BOUHALA\Amazon\amazon-clone\functions\node_modules\.bin\firebase-functions'
[info] Serving at port 8728

[debug] [2023-08-27T11:48:34.955Z] Got response from /__/functions.yaml {"endpoints":{"api":{"platform":"gcfv1","availableMemoryMb":null,"timeoutSeconds":null,"minInstances":null,"maxInstances":null,"ingressSettings":null,"serviceAccountEmail":null,"vpc":null,"httpsTrigger":{},"entryPoint":"api"}},"specVersion":"v1alpha1","requiredAPIs":[]}
[info] shutdown requested via /__/quitquitquit

[info] +  functions: Loaded functions definitions from source: api. {"metadata":{"emulator":{"name":"functions"},"message":"Loaded functions definitions from source: api."}}
[info] +  functions[us-central1-api]: http function initialized (http://127.0.0.1:5001/clone-94b7e/us-central1/api). {"metadata":{"emulator":{"name":"functions"},"message":"\u001b[1mhttp\u001b[22m function initialized (http://127.0.0.1:5001/clone-94b7e/us-central1/api)."}}
[info] 
┌─────────────────────────────────────────────────────────────┐
│ ✔  All emulators ready! It is now safe to connect your app. │
│ i  View Emulator UI at http://127.0.0.1:4000/               │
└─────────────────────────────────────────────────────────────┘

┌───────────┬────────────────┬─────────────────────────────────┐
│ Emulator  │ Host:Port      │ View in Emulator UI             │
├───────────┼────────────────┼─────────────────────────────────┤
│ Functions │ 127.0.0.1:5001 │ http://127.0.0.1:4000/functions │
├───────────┼────────────────┼─────────────────────────────────┤
│ Hosting   │ 127.0.0.1:5000 │ n/a                             │
└───────────┴────────────────┴─────────────────────────────────┘
  Emulator Hub running at 127.0.0.1:4400
  Other reserved ports: 4500

Issues? Report them at https://github.com/firebase/firebase-tools/issues and attach the *-debug.log files.
 
[debug] [2023-08-27T11:49:24.101Z] [work-queue] {"queuedWork":["/clone-94b7e/us-central1/api/payments/create-2023-08-27T11:49:24.101Z"],"queueLength":1,"runningWork":[],"workRunningCount":0}
[debug] [2023-08-27T11:49:24.101Z] [work-queue] {"queuedWork":[],"queueLength":0,"runningWork":["/clone-94b7e/us-central1/api/payments/create-2023-08-27T11:49:24.101Z"],"workRunningCount":1}
[debug] [2023-08-27T11:49:24.102Z] Accepted request GET /clone-94b7e/us-central1/api/payments/create?total=232332 --> us-central1-api
[debug] [2023-08-27T11:49:24.102Z] [functions] Runtime ready! Sending request! {"metadata":{"emulator":{"name":"functions"},"message":"[functions] Runtime ready! Sending request!"}}
[debug] [2023-08-27T11:49:24.103Z] [functions] Got req.url=/clone-94b7e/us-central1/api/payments/create?total=232332, mapping to path=/payments/create?total=232332 {"metadata":{"emulator":{"name":"functions"},"message":"[functions] Got req.url=/clone-94b7e/us-central1/api/payments/create?total=232332, mapping to path=/payments/create?total=232332"}}
[debug] [2023-08-27T11:49:24.114Z] [worker-pool] addWorker(us-central1-api) {"metadata":{"emulator":{"name":"functions"},"message":"[worker-pool] addWorker(us-central1-api)"}}
[debug] [2023-08-27T11:49:24.115Z] [worker-pool] Adding worker with key us-central1-api, total=1 {"metadata":{"emulator":{"name":"functions"},"message":"[worker-pool] Adding worker with key us-central1-api, total=1"}}
[debug] [2023-08-27T11:49:25.253Z] [runtime-status] [6000] Resolved module firebase-admin {"declared":true,"installed":true,"version":"11.10.1","resolution":"C:\\Users\\Yacine BOUHALA\\Amazon\\amazon-clone\\functions\\node_modules\\firebase-admin\\lib\\index.js"} {"metadata":{"emulator":{"name":"functions"},"function":{"name":"us-central1-api"},"extension":{},"message":"[runtime-status] [6000] Resolved module firebase-admin {\"declared\":true,\"installed\":true,\"version\":\"11.10.1\",\"resolution\":\"C:\\\\Users\\\\Yacine BOUHALA\\\\Amazon\\\\amazon-clone\\\\functions\\\\node_modules\\\\firebase-admin\\\\lib\\\\index.js\"}"}}
[debug] [2023-08-27T11:49:25.254Z] [runtime-status] [6000] Resolved module firebase-functions {"declared":true,"installed":true,"version":"4.4.1","resolution":"C:\\Users\\Yacine BOUHALA\\Amazon\\amazon-clone\\functions\\node_modules\\firebase-functions\\lib\\v1\\index.js"} {"metadata":{"emulator":{"name":"functions"},"function":{"name":"us-central1-api"},"extension":{},"message":"[runtime-status] [6000] Resolved module firebase-functions {\"declared\":true,\"installed\":true,\"version\":\"4.4.1\",\"resolution\":\"C:\\\\Users\\\\Yacine BOUHALA\\\\Amazon\\\\amazon-clone\\\\functions\\\\node_modules\\\\firebase-functions\\\\lib\\\\v1\\\\index.js\"}"}}
[debug] [2023-08-27T11:49:25.255Z] [runtime-status] [6000] Outgoing network have been stubbed. [{"name":"http","status":"mocked"},{"name":"http","status":"mocked"},{"name":"https","status":"mocked"},{"name":"https","status":"mocked"},{"name":"net","status":"mocked"}] {"metadata":{"emulator":{"name":"functions"},"function":{"name":"us-central1-api"},"extension":{},"message":"[runtime-status] [6000] Outgoing network have been stubbed. [{\"name\":\"http\",\"status\":\"mocked\"},{\"name\":\"http\",\"status\":\"mocked\"},{\"name\":\"https\",\"status\":\"mocked\"},{\"name\":\"https\",\"status\":\"mocked\"},{\"name\":\"net\",\"status\":\"mocked\"}]"}}
[debug] [2023-08-27T11:49:25.256Z] [runtime-status] [6000] Resolved module firebase-functions {"declared":true,"installed":true,"version":"4.4.1","resolution":"C:\\Users\\Yacine BOUHALA\\Amazon\\amazon-clone\\functions\\node_modules\\firebase-functions\\lib\\v1\\index.js"} {"metadata":{"emulator":{"name":"functions"},"function":{"name":"us-central1-api"},"extension":{},"message":"[runtime-status] [6000] Resolved module firebase-functions {\"declared\":true,\"installed\":true,\"version\":\"4.4.1\",\"resolution\":\"C:\\\\Users\\\\Yacine BOUHALA\\\\Amazon\\\\amazon-clone\\\\functions\\\\node_modules\\\\firebase-functions\\\\lib\\\\v1\\\\index.js\"}"}}
[debug] [2023-08-27T11:49:25.499Z] [runtime-status] [6000] Checked functions.config() {"config":{}} {"metadata":{"emulator":{"name":"functions"},"function":{"name":"us-central1-api"},"extension":{},"message":"[runtime-status] [6000] Checked functions.config() {\"config\":{}}"}}
[debug] [2023-08-27T11:49:25.499Z] [runtime-status] [6000] firebase-functions has been stubbed. {"functionsResolution":{"declared":true,"installed":true,"version":"4.4.1","resolution":"C:\\Users\\Yacine BOUHALA\\Amazon\\amazon-clone\\functions\\node_modules\\firebase-functions\\lib\\v1\\index.js"}} {"metadata":{"emulator":{"name":"functions"},"function":{"name":"us-central1-api"},"extension":{},"message":"[runtime-status] [6000] firebase-functions has been stubbed. {\"functionsResolution\":{\"declared\":true,\"installed\":true,\"version\":\"4.4.1\",\"resolution\":\"C:\\\\Users\\\\Yacine BOUHALA\\\\Amazon\\\\amazon-clone\\\\functions\\\\node_modules\\\\firebase-functions\\\\lib\\\\v1\\\\index.js\"}}"}}
[debug] [2023-08-27T11:49:25.500Z] [runtime-status] [6000] Resolved module firebase-functions {"declared":true,"installed":true,"version":"4.4.1","resolution":"C:\\Users\\Yacine BOUHALA\\Amazon\\amazon-clone\\functions\\node_modules\\firebase-functions\\lib\\v1\\index.js"} {"metadata":{"emulator":{"name":"functions"},"function":{"name":"us-central1-api"},"extension":{},"message":"[runtime-status] [6000] Resolved module firebase-functions {\"declared\":true,\"installed\":true,\"version\":\"4.4.1\",\"resolution\":\"C:\\\\Users\\\\Yacine BOUHALA\\\\Amazon\\\\amazon-clone\\\\functions\\\\node_modules\\\\firebase-functions\\\\lib\\\\v1\\\\index.js\"}"}}
[debug] [2023-08-27T11:49:25.501Z] [runtime-status] [6000] Resolved module firebase-admin {"declared":true,"installed":true,"version":"11.10.1","resolution":"C:\\Users\\Yacine BOUHALA\\Amazon\\amazon-clone\\functions\\node_modules\\firebase-admin\\lib\\index.js"} {"metadata":{"emulator":{"name":"functions"},"function":{"name":"us-central1-api"},"extension":{},"message":"[runtime-status] [6000] Resolved module firebase-admin {\"declared\":true,\"installed\":true,\"version\":\"11.10.1\",\"resolution\":\"C:\\\\Users\\\\Yacine BOUHALA\\\\Amazon\\\\amazon-clone\\\\functions\\\\node_modules\\\\firebase-admin\\\\lib\\\\index.js\"}"}}
[debug] [2023-08-27T11:49:25.503Z] [runtime-status] [6000] Resolved module firebase-functions {"declared":true,"installed":true,"version":"4.4.1","resolution":"C:\\Users\\Yacine BOUHALA\\Amazon\\amazon-clone\\functions\\node_modules\\firebase-functions\\lib\\v1\\index.js"} {"metadata":{"emulator":{"name":"functions"},"function":{"name":"us-central1-api"},"extension":{},"message":"[runtime-status] [6000] Resolved module firebase-functions {\"declared\":true,\"installed\":true,\"version\":\"4.4.1\",\"resolution\":\"C:\\\\Users\\\\Yacine BOUHALA\\\\Amazon\\\\amazon-clone\\\\functions\\\\node_modules\\\\firebase-functions\\\\lib\\\\v1\\\\index.js\"}"}}
[debug] [2023-08-27T11:49:25.504Z] [runtime-status] [6000] firebase-admin has been stubbed. {"adminResolution":{"declared":true,"installed":true,"version":"11.10.1","resolution":"C:\\Users\\Yacine BOUHALA\\Amazon\\amazon-clone\\functions\\node_modules\\firebase-admin\\lib\\index.js"}} {"metadata":{"emulator":{"name":"functions"},"function":{"name":"us-central1-api"},"extension":{},"message":"[runtime-status] [6000] firebase-admin has been stubbed. {\"adminResolution\":{\"declared\":true,\"installed\":true,\"version\":\"11.10.1\",\"resolution\":\"C:\\\\Users\\\\Yacine BOUHALA\\\\Amazon\\\\amazon-clone\\\\functions\\\\node_modules\\\\firebase-admin\\\\lib\\\\index.js\"}}"}}
[debug] [2023-08-27T11:49:25.677Z] [runtime-status] [6000] Functions runtime initialized. {"cwd":"C:\\Users\\Yacine BOUHALA\\Amazon\\amazon-clone\\functions","node_version":"18.13.0"} {"metadata":{"emulator":{"name":"functions"},"function":{"name":"us-central1-api"},"extension":{},"message":"[runtime-status] [6000] Functions runtime initialized. {\"cwd\":\"C:\\\\Users\\\\Yacine BOUHALA\\\\Amazon\\\\amazon-clone\\\\functions\",\"node_version\":\"18.13.0\"}"}}
[debug] [2023-08-27T11:49:25.677Z] [runtime-status] [6000] Listening to port: \\?\pipe\fire_emu_30392b9be196bbb2 {"metadata":{"emulator":{"name":"functions"},"function":{"name":"us-central1-api"},"extension":{},"message":"[runtime-status] [6000] Listening to port: \\\\?\\pipe\\fire_emu_30392b9be196bbb2"}}
[debug] [2023-08-27T11:49:25.769Z] [worker-us-central1-api-93b20aad-5dac-4520-80cc-af1dbd4ea5f8]: IDLE {"metadata":{"emulator":{"name":"functions"},"function":{"name":"us-central1-api"},"extension":{},"message":"[worker-us-central1-api-93b20aad-5dac-4520-80cc-af1dbd4ea5f8]: IDLE"}}
[debug] [2023-08-27T11:49:25.770Z] [worker-pool] submitRequest(triggerId=us-central1-api) {"metadata":{"emulator":{"name":"functions"},"message":"[worker-pool] submitRequest(triggerId=us-central1-api)"}}
[info] i  functions: Beginning execution of "us-central1-api" {"metadata":{"emulator":{"name":"functions"},"function":{"name":"us-central1-api"},"extension":{},"message":"Beginning execution of \"us-central1-api\""}}
[debug] [2023-08-27T11:49:25.771Z] [worker-us-central1-api-93b20aad-5dac-4520-80cc-af1dbd4ea5f8]: BUSY {"metadata":{"emulator":{"name":"functions"},"function":{"name":"us-central1-api"},"extension":{},"message":"[worker-us-central1-api-93b20aad-5dac-4520-80cc-af1dbd4ea5f8]: BUSY"}}
[debug] [2023-08-27T11:49:25.779Z] Finishing up request with event=pause {"metadata":{"emulator":{"name":"functions"},"function":{"name":"us-central1-api"},"extension":{},"message":"Finishing up request with event=pause"}}
[info] i  functions: Finished "us-central1-api" in 7.983ms {"metadata":{"emulator":{"name":"functions"},"function":{"name":"us-central1-api"},"extension":{},"message":"Finished \"us-central1-api\" in 7.983ms"}}
[debug] [2023-08-27T11:49:25.780Z] [worker-us-central1-api-93b20aad-5dac-4520-80cc-af1dbd4ea5f8]: IDLE {"metadata":{"emulator":{"name":"functions"},"function":{"name":"us-central1-api"},"extension":{},"message":"[worker-us-central1-api-93b20aad-5dac-4520-80cc-af1dbd4ea5f8]: IDLE"}}
[debug] [2023-08-27T11:49:25.780Z] Finishing up request with event=finish {"metadata":{"emulator":{"name":"functions"},"function":{"name":"us-central1-api"},"extension":{},"message":"Finishing up request with event=finish"}}
[debug] [2023-08-27T11:49:25.780Z] Finishing up request with event=close {"metadata":{"emulator":{"name":"functions"},"function":{"name":"us-central1-api"},"extension":{},"message":"Finishing up request with event=close"}}
[debug] [2023-08-27T11:49:25.780Z] [work-queue] {"queuedWork":[],"queueLength":0,"runningWork":[],"workRunningCount":0}
[debug] [2023-08-27T11:49:46.513Z] [work-queue] {"queuedWork":["/clone-94b7e/us-central1/api-2023-08-27T11:49:46.513Z"],"queueLength":1,"runningWork":[],"workRunningCount":0}
[debug] [2023-08-27T11:49:46.514Z] [work-queue] {"queuedWork":[],"queueLength":0,"runningWork":["/clone-94b7e/us-central1/api-2023-08-27T11:49:46.513Z"],"workRunningCount":1}
[debug] [2023-08-27T11:49:46.514Z] Accepted request GET /clone-94b7e/us-central1/api --> us-central1-api
[debug] [2023-08-27T11:49:46.514Z] [functions] Runtime ready! Sending request! {"metadata":{"emulator":{"name":"functions"},"message":"[functions] Runtime ready! Sending request!"}}
[debug] [2023-08-27T11:49:46.514Z] [functions] Got req.url=/clone-94b7e/us-central1/api, mapping to path=/ {"metadata":{"emulator":{"name":"functions"},"message":"[functions] Got req.url=/clone-94b7e/us-central1/api, mapping to path=/"}}
[debug] [2023-08-27T11:49:46.515Z] [worker-pool] submitRequest(triggerId=us-central1-api) {"metadata":{"emulator":{"name":"functions"},"message":"[worker-pool] submitRequest(triggerId=us-central1-api)"}}
[info] i  functions: Beginning execution of "us-central1-api" {"metadata":{"emulator":{"name":"functions"},"function":{"name":"us-central1-api"},"extension":{},"message":"Beginning execution of \"us-central1-api\""}}
[debug] [2023-08-27T11:49:46.515Z] [worker-us-central1-api-93b20aad-5dac-4520-80cc-af1dbd4ea5f8]: BUSY {"metadata":{"emulator":{"name":"functions"},"function":{"name":"us-central1-api"},"extension":{},"message":"[worker-us-central1-api-93b20aad-5dac-4520-80cc-af1dbd4ea5f8]: BUSY"}}
[debug] [2023-08-27T11:49:46.521Z] Finishing up request with event=pause {"metadata":{"emulator":{"name":"functions"},"function":{"name":"us-central1-api"},"extension":{},"message":"Finishing up request with event=pause"}}
[info] i  functions: Finished "us-central1-api" in 6.2805ms {"metadata":{"emulator":{"name":"functions"},"function":{"name":"us-central1-api"},"extension":{},"message":"Finished \"us-central1-api\" in 6.2805ms"}}
[debug] [2023-08-27T11:49:46.523Z] [worker-us-central1-api-93b20aad-5dac-4520-80cc-af1dbd4ea5f8]: IDLE {"metadata":{"emulator":{"name":"functions"},"function":{"name":"us-central1-api"},"extension":{},"message":"[worker-us-central1-api-93b20aad-5dac-4520-80cc-af1dbd4ea5f8]: IDLE"}}
[debug] [2023-08-27T11:49:46.523Z] Finishing up request with event=finish {"metadata":{"emulator":{"name":"functions"},"function":{"name":"us-central1-api"},"extension":{},"message":"Finishing up request with event=finish"}}
[debug] [2023-08-27T11:49:46.523Z] Finishing up request with event=close {"metadata":{"emulator":{"name":"functions"},"function":{"name":"us-central1-api"},"extension":{},"message":"Finishing up request with event=close"}}
[debug] [2023-08-27T11:49:46.523Z] [work-queue] {"queuedWork":[],"queueLength":0,"runningWork":[],"workRunningCount":0}
[debug] [2023-08-27T11:50:02.156Z] [work-queue] {"queuedWork":["/clone-94b7e/us-central1/api/payments/create-2023-08-27T11:50:02.156Z"],"queueLength":1,"runningWork":[],"workRunningCount":0}
[debug] [2023-08-27T11:50:02.156Z] [work-queue] {"queuedWork":[],"queueLength":0,"runningWork":["/clone-94b7e/us-central1/api/payments/create-2023-08-27T11:50:02.156Z"],"workRunningCount":1}
[debug] [2023-08-27T11:50:02.156Z] Accepted request GET /clone-94b7e/us-central1/api/payments/create?total=232332 --> us-central1-api
[debug] [2023-08-27T11:50:02.157Z] [functions] Runtime ready! Sending request! {"metadata":{"emulator":{"name":"functions"},"message":"[functions] Runtime ready! Sending request!"}}
[debug] [2023-08-27T11:50:02.157Z] [functions] Got req.url=/clone-94b7e/us-central1/api/payments/create?total=232332, mapping to path=/payments/create?total=232332 {"metadata":{"emulator":{"name":"functions"},"message":"[functions] Got req.url=/clone-94b7e/us-central1/api/payments/create?total=232332, mapping to path=/payments/create?total=232332"}}
[debug] [2023-08-27T11:50:02.157Z] [worker-pool] submitRequest(triggerId=us-central1-api) {"metadata":{"emulator":{"name":"functions"},"message":"[worker-pool] submitRequest(triggerId=us-central1-api)"}}
[info] i  functions: Beginning execution of "us-central1-api" {"metadata":{"emulator":{"name":"functions"},"function":{"name":"us-central1-api"},"extension":{},"message":"Beginning execution of \"us-central1-api\""}}
[debug] [2023-08-27T11:50:02.158Z] [worker-us-central1-api-93b20aad-5dac-4520-80cc-af1dbd4ea5f8]: BUSY {"metadata":{"emulator":{"name":"functions"},"function":{"name":"us-central1-api"},"extension":{},"message":"[worker-us-central1-api-93b20aad-5dac-4520-80cc-af1dbd4ea5f8]: BUSY"}}
[debug] [2023-08-27T11:50:02.161Z] Finishing up request with event=pause {"metadata":{"emulator":{"name":"functions"},"function":{"name":"us-central1-api"},"extension":{},"message":"Finishing up request with event=pause"}}
[info] i  functions: Finished "us-central1-api" in 3.9835ms {"metadata":{"emulator":{"name":"functions"},"function":{"name":"us-central1-api"},"extension":{},"message":"Finished \"us-central1-api\" in 3.9835ms"}}
[debug] [2023-08-27T11:50:02.162Z] [worker-us-central1-api-93b20aad-5dac-4520-80cc-af1dbd4ea5f8]: IDLE {"metadata":{"emulator":{"name":"functions"},"function":{"name":"us-central1-api"},"extension":{},"message":"[worker-us-central1-api-93b20aad-5dac-4520-80cc-af1dbd4ea5f8]: IDLE"}}
[debug] [2023-08-27T11:50:02.163Z] Finishing up request with event=finish {"metadata":{"emulator":{"name":"functions"},"function":{"name":"us-central1-api"},"extension":{},"message":"Finishing up request with event=finish"}}
[debug] [2023-08-27T11:50:02.163Z] Finishing up request with event=close {"metadata":{"emulator":{"name":"functions"},"function":{"name":"us-central1-api"},"extension":{},"message":"Finishing up request with event=close"}}
[debug] [2023-08-27T11:50:02.163Z] [work-queue] {"queuedWork":[],"queueLength":0,"runningWork":[],"workRunningCount":0}
[debug] [2023-08-27T12:07:56.887Z] [work-queue] {"queuedWork":["/clone-94b7e/us-central1/api/payments/create-2023-08-27T12:07:56.887Z"],"queueLength":1,"runningWork":[],"workRunningCount":0}
[debug] [2023-08-27T12:07:56.887Z] [work-queue] {"queuedWork":[],"queueLength":0,"runningWork":["/clone-94b7e/us-central1/api/payments/create-2023-08-27T12:07:56.887Z"],"workRunningCount":1}
[debug] [2023-08-27T12:07:56.887Z] Accepted request GET /clone-94b7e/us-central1/api/payments/create?total=232332 --> us-central1-api
[debug] [2023-08-27T12:07:56.888Z] [functions] Runtime ready! Sending request! {"metadata":{"emulator":{"name":"functions"},"message":"[functions] Runtime ready! Sending request!"}}
[debug] [2023-08-27T12:07:56.888Z] [functions] Got req.url=/clone-94b7e/us-central1/api/payments/create?total=232332, mapping to path=/payments/create?total=232332 {"metadata":{"emulator":{"name":"functions"},"message":"[functions] Got req.url=/clone-94b7e/us-central1/api/payments/create?total=232332, mapping to path=/payments/create?total=232332"}}
[debug] [2023-08-27T12:07:56.888Z] [worker-pool] submitRequest(triggerId=us-central1-api) {"metadata":{"emulator":{"name":"functions"},"message":"[worker-pool] submitRequest(triggerId=us-central1-api)"}}
[info] i  functions: Beginning execution of "us-central1-api" {"metadata":{"emulator":{"name":"functions"},"function":{"name":"us-central1-api"},"extension":{},"message":"Beginning execution of \"us-central1-api\""}}
[debug] [2023-08-27T12:07:56.889Z] [worker-us-central1-api-93b20aad-5dac-4520-80cc-af1dbd4ea5f8]: BUSY {"metadata":{"emulator":{"name":"functions"},"function":{"name":"us-central1-api"},"extension":{},"message":"[worker-us-central1-api-93b20aad-5dac-4520-80cc-af1dbd4ea5f8]: BUSY"}}
[debug] [2023-08-27T12:07:56.892Z] Finishing up request with event=pause {"metadata":{"emulator":{"name":"functions"},"function":{"name":"us-central1-api"},"extension":{},"message":"Finishing up request with event=pause"}}
[info] i  functions: Finished "us-central1-api" in 3.2419ms {"metadata":{"emulator":{"name":"functions"},"function":{"name":"us-central1-api"},"extension":{},"message":"Finished \"us-central1-api\" in 3.2419ms"}}
[debug] [2023-08-27T12:07:56.892Z] [worker-us-central1-api-93b20aad-5dac-4520-80cc-af1dbd4ea5f8]: IDLE {"metadata":{"emulator":{"name":"functions"},"function":{"name":"us-central1-api"},"extension":{},"message":"[worker-us-central1-api-93b20aad-5dac-4520-80cc-af1dbd4ea5f8]: IDLE"}}
[debug] [2023-08-27T12:07:56.893Z] Finishing up request with event=finish {"metadata":{"emulator":{"name":"functions"},"function":{"name":"us-central1-api"},"extension":{},"message":"Finishing up request with event=finish"}}
[debug] [2023-08-27T12:07:56.893Z] Finishing up request with event=close {"metadata":{"emulator":{"name":"functions"},"function":{"name":"us-central1-api"},"extension":{},"message":"Finishing up request with event=close"}}
[debug] [2023-08-27T12:07:56.893Z] [work-queue] {"queuedWork":[],"queueLength":0,"runningWork":[],"workRunningCount":0}
[debug] [2023-08-27T12:08:10.682Z] [work-queue] {"queuedWork":["/clone-94b7e/us-central1/api/payments/-2023-08-27T12:08:10.681Z"],"queueLength":1,"runningWork":[],"workRunningCount":0}
[debug] [2023-08-27T12:08:10.682Z] [work-queue] {"queuedWork":[],"queueLength":0,"runningWork":["/clone-94b7e/us-central1/api/payments/-2023-08-27T12:08:10.681Z"],"workRunningCount":1}
[debug] [2023-08-27T12:08:10.682Z] Accepted request GET /clone-94b7e/us-central1/api/payments/ --> us-central1-api
[debug] [2023-08-27T12:08:10.682Z] [functions] Runtime ready! Sending request! {"metadata":{"emulator":{"name":"functions"},"message":"[functions] Runtime ready! Sending request!"}}
[debug] [2023-08-27T12:08:10.683Z] [functions] Got req.url=/clone-94b7e/us-central1/api/payments/, mapping to path=/payments/ {"metadata":{"emulator":{"name":"functions"},"message":"[functions] Got req.url=/clone-94b7e/us-central1/api/payments/, mapping to path=/payments/"}}
[debug] [2023-08-27T12:08:10.683Z] [worker-pool] submitRequest(triggerId=us-central1-api) {"metadata":{"emulator":{"name":"functions"},"message":"[worker-pool] submitRequest(triggerId=us-central1-api)"}}
[info] i  functions: Beginning execution of "us-central1-api" {"metadata":{"emulator":{"name":"functions"},"function":{"name":"us-central1-api"},"extension":{},"message":"Beginning execution of \"us-central1-api\""}}
[debug] [2023-08-27T12:08:10.684Z] [worker-us-central1-api-93b20aad-5dac-4520-80cc-af1dbd4ea5f8]: BUSY {"metadata":{"emulator":{"name":"functions"},"function":{"name":"us-central1-api"},"extension":{},"message":"[worker-us-central1-api-93b20aad-5dac-4520-80cc-af1dbd4ea5f8]: BUSY"}}
[debug] [2023-08-27T12:08:10.687Z] Finishing up request with event=pause {"metadata":{"emulator":{"name":"functions"},"function":{"name":"us-central1-api"},"extension":{},"message":"Finishing up request with event=pause"}}
[info] i  functions: Finished "us-central1-api" in 3.2332ms {"metadata":{"emulator":{"name":"functions"},"function":{"name":"us-central1-api"},"extension":{},"message":"Finished \"us-central1-api\" in 3.2332ms"}}
[debug] [2023-08-27T12:08:10.688Z] [worker-us-central1-api-93b20aad-5dac-4520-80cc-af1dbd4ea5f8]: IDLE {"metadata":{"emulator":{"name":"functions"},"function":{"name":"us-central1-api"},"extension":{},"message":"[worker-us-central1-api-93b20aad-5dac-4520-80cc-af1dbd4ea5f8]: IDLE"}}
[debug] [2023-08-27T12:08:10.688Z] Finishing up request with event=finish {"metadata":{"emulator":{"name":"functions"},"function":{"name":"us-central1-api"},"extension":{},"message":"Finishing up request with event=finish"}}
[debug] [2023-08-27T12:08:10.688Z] Finishing up request with event=close {"metadata":{"emulator":{"name":"functions"},"function":{"name":"us-central1-api"},"extension":{},"message":"Finishing up request with event=close"}}
[debug] [2023-08-27T12:08:10.688Z] [work-queue] {"queuedWork":[],"queueLength":0,"runningWork":[],"workRunningCount":0}
[debug] [2023-08-27T12:08:13.491Z] [work-queue] {"queuedWork":["/clone-94b7e/us-central1/api/payments-2023-08-27T12:08:13.491Z"],"queueLength":1,"runningWork":[],"workRunningCount":0}
[debug] [2023-08-27T12:08:13.491Z] [work-queue] {"queuedWork":[],"queueLength":0,"runningWork":["/clone-94b7e/us-central1/api/payments-2023-08-27T12:08:13.491Z"],"workRunningCount":1}
[debug] [2023-08-27T12:08:13.491Z] Accepted request GET /clone-94b7e/us-central1/api/payments --> us-central1-api
[debug] [2023-08-27T12:08:13.492Z] [functions] Runtime ready! Sending request! {"metadata":{"emulator":{"name":"functions"},"message":"[functions] Runtime ready! Sending request!"}}
[debug] [2023-08-27T12:08:13.492Z] [functions] Got req.url=/clone-94b7e/us-central1/api/payments, mapping to path=/payments {"metadata":{"emulator":{"name":"functions"},"message":"[functions] Got req.url=/clone-94b7e/us-central1/api/payments, mapping to path=/payments"}}
[debug] [2023-08-27T12:08:13.492Z] [worker-pool] submitRequest(triggerId=us-central1-api) {"metadata":{"emulator":{"name":"functions"},"message":"[worker-pool] submitRequest(triggerId=us-central1-api)"}}
[info] i  functions: Beginning execution of "us-central1-api" {"metadata":{"emulator":{"name":"functions"},"function":{"name":"us-central1-api"},"extension":{},"message":"Beginning execution of \"us-central1-api\""}}
[debug] [2023-08-27T12:08:13.493Z] [worker-us-central1-api-93b20aad-5dac-4520-80cc-af1dbd4ea5f8]: BUSY {"metadata":{"emulator":{"name":"functions"},"function":{"name":"us-central1-api"},"extension":{},"message":"[worker-us-central1-api-93b20aad-5dac-4520-80cc-af1dbd4ea5f8]: BUSY"}}
[debug] [2023-08-27T12:08:13.496Z] Finishing up request with event=pause {"metadata":{"emulator":{"name":"functions"},"function":{"name":"us-central1-api"},"extension":{},"message":"Finishing up request with event=pause"}}
[info] i  functions: Finished "us-central1-api" in 3.7036ms {"metadata":{"emulator":{"name":"functions"},"function":{"name":"us-central1-api"},"extension":{},"message":"Finished \"us-central1-api\" in 3.7036ms"}}
[debug] [2023-08-27T12:08:13.497Z] [worker-us-central1-api-93b20aad-5dac-4520-80cc-af1dbd4ea5f8]: IDLE {"metadata":{"emulator":{"name":"functions"},"function":{"name":"us-central1-api"},"extension":{},"message":"[worker-us-central1-api-93b20aad-5dac-4520-80cc-af1dbd4ea5f8]: IDLE"}}
[debug] [2023-08-27T12:08:13.498Z] Finishing up request with event=finish {"metadata":{"emulator":{"name":"functions"},"function":{"name":"us-central1-api"},"extension":{},"message":"Finishing up request with event=finish"}}
[debug] [2023-08-27T12:08:13.498Z] Finishing up request with event=close {"metadata":{"emulator":{"name":"functions"},"function":{"name":"us-central1-api"},"extension":{},"message":"Finishing up request with event=close"}}
[debug] [2023-08-27T12:08:13.498Z] [work-queue] {"queuedWork":[],"queueLength":0,"runningWork":[],"workRunningCount":0}
[debug] [2023-08-27T12:08:16.860Z] [work-queue] {"queuedWork":["/clone-94b7e/us-central1/api/*-2023-08-27T12:08:16.860Z"],"queueLength":1,"runningWork":[],"workRunningCount":0}
[debug] [2023-08-27T12:08:16.860Z] [work-queue] {"queuedWork":[],"queueLength":0,"runningWork":["/clone-94b7e/us-central1/api/*-2023-08-27T12:08:16.860Z"],"workRunningCount":1}
[debug] [2023-08-27T12:08:16.860Z] Accepted request GET /clone-94b7e/us-central1/api/* --> us-central1-api
[debug] [2023-08-27T12:08:16.861Z] [functions] Runtime ready! Sending request! {"metadata":{"emulator":{"name":"functions"},"message":"[functions] Runtime ready! Sending request!"}}
[debug] [2023-08-27T12:08:16.861Z] [functions] Got req.url=/clone-94b7e/us-central1/api/*, mapping to path=/* {"metadata":{"emulator":{"name":"functions"},"message":"[functions] Got req.url=/clone-94b7e/us-central1/api/*, mapping to path=/*"}}
[debug] [2023-08-27T12:08:16.862Z] [worker-pool] submitRequest(triggerId=us-central1-api) {"metadata":{"emulator":{"name":"functions"},"message":"[worker-pool] submitRequest(triggerId=us-central1-api)"}}
[info] i  functions: Beginning execution of "us-central1-api" {"metadata":{"emulator":{"name":"functions"},"function":{"name":"us-central1-api"},"extension":{},"message":"Beginning execution of \"us-central1-api\""}}
[debug] [2023-08-27T12:08:16.862Z] [worker-us-central1-api-93b20aad-5dac-4520-80cc-af1dbd4ea5f8]: BUSY {"metadata":{"emulator":{"name":"functions"},"function":{"name":"us-central1-api"},"extension":{},"message":"[worker-us-central1-api-93b20aad-5dac-4520-80cc-af1dbd4ea5f8]: BUSY"}}
[debug] [2023-08-27T12:08:16.865Z] Finishing up request with event=pause {"metadata":{"emulator":{"name":"functions"},"function":{"name":"us-central1-api"},"extension":{},"message":"Finishing up request with event=pause"}}
[info] i  functions: Finished "us-central1-api" in 3.072ms {"metadata":{"emulator":{"name":"functions"},"function":{"name":"us-central1-api"},"extension":{},"message":"Finished \"us-central1-api\" in 3.072ms"}}
[debug] [2023-08-27T12:08:16.866Z] [worker-us-central1-api-93b20aad-5dac-4520-80cc-af1dbd4ea5f8]: IDLE {"metadata":{"emulator":{"name":"functions"},"function":{"name":"us-central1-api"},"extension":{},"message":"[worker-us-central1-api-93b20aad-5dac-4520-80cc-af1dbd4ea5f8]: IDLE"}}
[debug] [2023-08-27T12:08:16.866Z] Finishing up request with event=finish {"metadata":{"emulator":{"name":"functions"},"function":{"name":"us-central1-api"},"extension":{},"message":"Finishing up request with event=finish"}}
[debug] [2023-08-27T12:08:16.866Z] Finishing up request with event=close {"metadata":{"emulator":{"name":"functions"},"function":{"name":"us-central1-api"},"extension":{},"message":"Finishing up request with event=close"}}
[debug] [2023-08-27T12:08:16.867Z] [work-queue] {"queuedWork":[],"queueLength":0,"runningWork":[],"workRunningCount":0}
[debug] [2023-08-27T12:08:19.451Z] [work-queue] {"queuedWork":["/clone-94b7e/us-central1/api/-2023-08-27T12:08:19.451Z"],"queueLength":1,"runningWork":[],"workRunningCount":0}
[debug] [2023-08-27T12:08:19.451Z] [work-queue] {"queuedWork":[],"queueLength":0,"runningWork":["/clone-94b7e/us-central1/api/-2023-08-27T12:08:19.451Z"],"workRunningCount":1}
[debug] [2023-08-27T12:08:19.451Z] Accepted request GET /clone-94b7e/us-central1/api/ --> us-central1-api
[debug] [2023-08-27T12:08:19.452Z] [functions] Runtime ready! Sending request! {"metadata":{"emulator":{"name":"functions"},"message":"[functions] Runtime ready! Sending request!"}}
[debug] [2023-08-27T12:08:19.452Z] [functions] Got req.url=/clone-94b7e/us-central1/api/, mapping to path=/ {"metadata":{"emulator":{"name":"functions"},"message":"[functions] Got req.url=/clone-94b7e/us-central1/api/, mapping to path=/"}}
[debug] [2023-08-27T12:08:19.452Z] [worker-pool] submitRequest(triggerId=us-central1-api) {"metadata":{"emulator":{"name":"functions"},"message":"[worker-pool] submitRequest(triggerId=us-central1-api)"}}
[info] i  functions: Beginning execution of "us-central1-api" {"metadata":{"emulator":{"name":"functions"},"function":{"name":"us-central1-api"},"extension":{},"message":"Beginning execution of \"us-central1-api\""}}
[debug] [2023-08-27T12:08:19.453Z] [worker-us-central1-api-93b20aad-5dac-4520-80cc-af1dbd4ea5f8]: BUSY {"metadata":{"emulator":{"name":"functions"},"function":{"name":"us-central1-api"},"extension":{},"message":"[worker-us-central1-api-93b20aad-5dac-4520-80cc-af1dbd4ea5f8]: BUSY"}}
[debug] [2023-08-27T12:08:19.456Z] Finishing up request with event=pause {"metadata":{"emulator":{"name":"functions"},"function":{"name":"us-central1-api"},"extension":{},"message":"Finishing up request with event=pause"}}
[info] i  functions: Finished "us-central1-api" in 3.3276ms {"metadata":{"emulator":{"name":"functions"},"function":{"name":"us-central1-api"},"extension":{},"message":"Finished \"us-central1-api\" in 3.3276ms"}}
[debug] [2023-08-27T12:08:19.457Z] [worker-us-central1-api-93b20aad-5dac-4520-80cc-af1dbd4ea5f8]: IDLE {"metadata":{"emulator":{"name":"functions"},"function":{"name":"us-central1-api"},"extension":{},"message":"[worker-us-central1-api-93b20aad-5dac-4520-80cc-af1dbd4ea5f8]: IDLE"}}
[debug] [2023-08-27T12:08:19.457Z] Finishing up request with event=finish {"metadata":{"emulator":{"name":"functions"},"function":{"name":"us-central1-api"},"extension":{},"message":"Finishing up request with event=finish"}}
[debug] [2023-08-27T12:08:19.457Z] Finishing up request with event=close {"metadata":{"emulator":{"name":"functions"},"function":{"name":"us-central1-api"},"extension":{},"message":"Finishing up request with event=close"}}
[debug] [2023-08-27T12:08:19.457Z] [work-queue] {"queuedWork":[],"queueLength":0,"runningWork":[],"workRunningCount":0}
